[0m2022.02.05 13:24:33 INFO  Started: Metals version 0.10.6 in workspace '/home/felix/code/scala/flaker' for client emacs GNU Emacs 27.2 (build 1, x86_64-pc-linux-gnu, GTK+ Version 3.24.31, cairo version 1.16.0).[0m
[0m2022.02.05 13:24:34 INFO  time: initialize in 1.4s[0m
[0m2022.02.05 13:24:34 WARN  Build server is not auto-connectable.[0m
[0m2022.02.05 13:24:34 WARN  no build target for: /home/felix/code/scala/flaker/src/main/scala/example/Hello.scala[0m
[0m2022.02.05 13:24:38 INFO  no build target: using presentation compiler with only scala-library: 2.12.14[0m
[0m2022.02.05 13:24:40 INFO  time: code lens generation in 4.9s[0m
[0m2022.02.05 13:24:40 INFO  time: code lens generation in 4.58s[0m
[0m2022.02.05 13:24:40 INFO  time: code lens generation in 4.58s[0m
[0m2022.02.05 13:24:41 INFO  running '/nix/store/rwdhqhy7danrakc88ygmhs8qv8pskf81-openjdk-16+36/lib/openjdk/bin/java -Djline.terminal=jline.UnsupportedTerminal -Dsbt.log.noformat=true -Dfile.encoding=UTF-8 -jar /tmp/metals6450961696524990276/sbt-launch.jar -Dbloop.export-jar-classifiers=sources bloopInstall'[0m
[0m2022.02.05 13:24:42 INFO  [info] welcome to sbt 1.6.2 (N/A Java 16)[0m
[0m2022.02.05 13:24:44 INFO  [info] loading settings for project flaker-build-build from metals.sbt ...[0m
[0m2022.02.05 13:24:44 INFO  [info] loading project definition from /home/felix/code/scala/flaker/project/project[0m
[0m2022.02.05 13:24:50 INFO  [info] loading settings for project flaker-build from metals.sbt ...[0m
[0m2022.02.05 13:24:50 INFO  [info] loading project definition from /home/felix/code/scala/flaker/project[0m
[0m2022.02.05 13:24:54 INFO  [success] Generated .bloop/flaker-build.json[0m
[0m2022.02.05 13:24:54 INFO  [info] compiling 1 Scala source to /home/felix/code/scala/flaker/project/target/scala-2.12/sbt-1.0/classes ...[0m
[0m2022.02.05 13:24:56 INFO  [info] done compiling[0m
[0m2022.02.05 13:24:56 INFO  [success] Total time: 6 s, completed Feb 5, 2022, 1:24:56 PM[0m
[0m2022.02.05 13:24:57 INFO  [info] loading settings for project root from build.sbt ...[0m
[0m2022.02.05 13:24:57 INFO  [info] set current project to flaker (in build file:/home/felix/code/scala/flaker/)[0m
[0m2022.02.05 13:24:59 INFO  [success] Generated .bloop/root.json[0m
[0m2022.02.05 13:24:59 INFO  [success] Generated .bloop/root-test.json[0m
[0m2022.02.05 13:24:59 INFO  [success] Total time: 2 s, completed Feb 5, 2022, 1:24:59 PM[0m
[0m2022.02.05 13:25:00 INFO  time: ran 'sbt bloopInstall' in 18s[0m
[0m2022.02.05 13:25:00 INFO  Attempting to connect to the build server...[0m
Starting the bsp launcher for bloop...
Opening a bsp server connection with 'bsp --protocol local --socket /tmp/bsp-launcher6069865565026236745/bsp.socket'...
Waiting for the bsp connection to come up...
Waiting for the bsp connection to come up...
Waiting for the bsp connection to come up...
Waiting for the bsp connection to come up...
Waiting for the bsp connection to come up...
Waiting for the bsp connection to come up...
Waiting for the bsp connection to come up...
Waiting for the bsp connection to come up...
Waiting for the bsp connection to come up...
Waiting for the bsp connection to come up...
Waiting for the bsp connection to come up...
Waiting for the bsp connection to come up...
Waiting for the bsp connection to come up...
Waiting for the bsp connection to come up...
Waiting for the bsp connection to come up...
Waiting for the bsp connection to come up...
Waiting for the bsp connection to come up...
Waiting for the bsp connection to come up...
Waiting for the bsp connection to come up...
No server running at 127.0.0.1:8212, let's fire one...
Resolving ch.epfl.scala:bloop-frontend_2.12:1.4.8-114-e47368ed...
Starting bloop server at 127.0.0.1:8212...
Attempting a connection to the server...
Attempting a connection to the server...
Attempting a connection to the server...
[0m[32m[D][0m Loading 2 projects from '/home/felix/code/scala/flaker/.bloop'...
[0m[32m[D][0m Loading project from '/home/felix/code/scala/flaker/.bloop/root-test.json'
[0m[32m[D][0m Loading project from '/home/felix/code/scala/flaker/.bloop/root.json'
[0m[32m[D][0m Cache miss for scala instance org.scala-lang:scala-compiler:2.13.7.
[0m[32m[D][0m   => /home/felix/.cache/coursier/v1/https/repo1.maven.org/maven2/net/java/dev/jna/jna/5.8.0/jna-5.8.0.jar
[0m[32m[D][0m   => /home/felix/.cache/coursier/v1/https/repo1.maven.org/maven2/org/jline/jline/3.20.0/jline-3.20.0.jar
[0m[32m[D][0m   => /home/felix/.cache/coursier/v1/https/repo1.maven.org/maven2/org/scala-lang/scala-compiler/2.13.7/scala-compiler-2.13.7.jar
[0m[32m[D][0m   => /home/felix/.cache/coursier/v1/https/repo1.maven.org/maven2/org/scala-lang/scala-library/2.13.7/scala-library-2.13.7.jar
[0m[32m[D][0m   => /home/felix/.cache/coursier/v1/https/repo1.maven.org/maven2/org/scala-lang/scala-reflect/2.13.7/scala-reflect-2.13.7.jar
[0m[32m[D][0m Missing analysis file for project 'root-test'
[0m[32m[D][0m Missing analysis file for project 'root'
[0m[32m[D][0m Waiting for a connection at local:///tmp/bsp-launcher6069865565026236745/bsp.socket...
The server is listening for incoming connections at local:///tmp/bsp-launcher6069865565026236745/bsp.socket...
Starting thread that pumps stdin and redirects it to the bsp server...
Starting thread that pumps server stdout and redirects it to the client stdout...
[0m2022.02.05 13:25:18 INFO  tracing is disabled for protocol BSP, to enable tracing of incoming and outgoing JSON messages create an empty file at /home/felix/.cache/metals/bsp.trace.json[0m
[0m2022.02.05 13:25:18 INFO  Attempting to connect to the build server...[0m
Starting the bsp launcher for bloop...
Opening a bsp server connection with 'bsp --protocol local --socket /tmp/bsp-launcher9968273476680528275/bsp.socket'...
Waiting for the bsp connection to come up...
[0m[32m[D][0m Loading workspace settings from bloop.settings.json
[0m[32m[D][0m Waiting for a connection at local:///tmp/bsp-launcher9968273476680528275/bsp.socket...
The server is listening for incoming connections at local:///tmp/bsp-launcher9968273476680528275/bsp.socket...
Starting thread that pumps stdin and redirects it to the bsp server...
Starting thread that pumps server stdout and redirects it to the client stdout...
[0m2022.02.05 13:25:18 INFO  tracing is disabled for protocol BSP, to enable tracing of incoming and outgoing JSON messages create an empty file at /home/felix/.cache/metals/bsp.trace.json[0m
[0m2022.02.05 13:25:18 INFO  time: Connected to build server in 19s[0m
[0m2022.02.05 13:25:18 INFO  Connected to Build server: Bloop v1.4.8-114-e47368ed[0m
[0m2022.02.05 13:25:22 INFO  time: indexed workspace in 3.17s[0m
[0m2022.02.05 13:25:22 WARN  unsupported Scala 2.13.7[0m
[0m2022.02.05 13:25:24 INFO  no build target: using presentation compiler with only scala-library: 2.13.6[0m
[0m2022.02.05 13:26:11 INFO  compiling root (1 scala source)[0m
[0m2022.02.05 13:26:18 INFO  time: compiled root in 6.55s[0m
[0m2022.02.05 13:28:30 WARN  unsupported Scala 2.13.7[0m
No more data in the server stdin, exiting...
No more data in the server stdin, exiting...
No more data in the server stdin, exiting...
No more data in the server stdin, exiting...
[0m2022.02.05 13:29:16 INFO  Started: Metals version 0.10.6 in workspace '/home/felix/code/scala/flaker' for client emacs GNU Emacs 27.2 (build 1, x86_64-pc-linux-gnu, GTK+ Version 3.24.31, cairo version 1.16.0).[0m
[0m2022.02.05 13:29:17 INFO  time: initialize in 1.34s[0m
[0m2022.02.05 13:29:17 INFO  Attempting to connect to the build server...[0m
Starting the bsp launcher for bloop...
Opening a bsp server connection with 'bsp --protocol local --socket /tmp/bsp-launcher7133204517909362227/bsp.socket'...
Waiting for the bsp connection to come up...
[0m2022.02.05 13:29:17 WARN  no build target for: /home/felix/code/scala/flaker/build.sbt[0m
[0m2022.02.05 13:29:17 INFO  skipping build import with status 'Installed'[0m
Waiting for the bsp connection to come up...
No server running at 127.0.0.1:8212, let's fire one...
Resolving ch.epfl.scala:bloop-frontend_2.12:1.4.8-114-e47368ed...
Starting bloop server at 127.0.0.1:8212...
Attempting a connection to the server...
Attempting a connection to the server...
Attempting a connection to the server...
[0m[32m[D][0m Loading workspace settings from bloop.settings.json
[0m[32m[D][0m Loading 2 projects from '/home/felix/code/scala/flaker/.bloop'...
[0m[32m[D][0m Loading project from '/home/felix/code/scala/flaker/.bloop/root.json'
[0m[32m[D][0m Loading project from '/home/felix/code/scala/flaker/.bloop/root-test.json'
[0m[32m[D][0m Cache miss for scala instance org.scala-lang:scala-compiler:2.13.7.
[0m[32m[D][0m   => /home/felix/.cache/coursier/v1/https/repo1.maven.org/maven2/net/java/dev/jna/jna/5.8.0/jna-5.8.0.jar
[0m[32m[D][0m   => /home/felix/.cache/coursier/v1/https/repo1.maven.org/maven2/org/jline/jline/3.20.0/jline-3.20.0.jar
[0m[32m[D][0m   => /home/felix/.cache/coursier/v1/https/repo1.maven.org/maven2/org/scala-lang/scala-compiler/2.13.7/scala-compiler-2.13.7.jar
[0m[32m[D][0m   => /home/felix/.cache/coursier/v1/https/repo1.maven.org/maven2/org/scala-lang/scala-library/2.13.7/scala-library-2.13.7.jar
[0m[32m[D][0m   => /home/felix/.cache/coursier/v1/https/repo1.maven.org/maven2/org/scala-lang/scala-reflect/2.13.7/scala-reflect-2.13.7.jar
[0m[32m[D][0m Skipped configuration of SemanticDB in unsupported 2.13.7 projects
[0m[32m[D][0m Missing analysis file for project 'root'
[0m[32m[D][0m Missing analysis file for project 'root-test'
[0m[32m[D][0m Waiting for a connection at local:///tmp/bsp-launcher7133204517909362227/bsp.socket...
The server is listening for incoming connections at local:///tmp/bsp-launcher7133204517909362227/bsp.socket...
Starting thread that pumps stdin and redirects it to the bsp server...
Starting thread that pumps server stdout and redirects it to the client stdout...
[0m2022.02.05 13:29:19 INFO  tracing is disabled for protocol BSP, to enable tracing of incoming and outgoing JSON messages create an empty file at /home/felix/.cache/metals/bsp.trace.json[0m
[0m2022.02.05 13:29:19 INFO  Attempting to connect to the build server...[0m
Starting the bsp launcher for bloop...
Opening a bsp server connection with 'bsp --protocol local --socket /tmp/bsp-launcher15503878212488553918/bsp.socket'...
Waiting for the bsp connection to come up...
[0m[32m[D][0m Loading workspace settings from bloop.settings.json
[0m[32m[D][0m Waiting for a connection at local:///tmp/bsp-launcher15503878212488553918/bsp.socket...
The server is listening for incoming connections at local:///tmp/bsp-launcher15503878212488553918/bsp.socket...
Starting thread that pumps stdin and redirects it to the bsp server...
Starting thread that pumps server stdout and redirects it to the client stdout...
[0m2022.02.05 13:29:20 INFO  tracing is disabled for protocol BSP, to enable tracing of incoming and outgoing JSON messages create an empty file at /home/felix/.cache/metals/bsp.trace.json[0m
[0m2022.02.05 13:29:20 INFO  time: Connected to build server in 2.4s[0m
[0m2022.02.05 13:29:20 INFO  Connected to Build server: Bloop v1.4.8-114-e47368ed[0m
[0m2022.02.05 13:29:20 INFO  no build target: using presentation compiler with only scala-library: 2.12.14[0m
Feb 05, 2022 1:29:20 PM org.eclipse.lsp4j.jsonrpc.RemoteEndpoint handleCancellation
WARNING: Unmatched cancel notification for request id 9
[0m2022.02.05 13:29:21 INFO  no build target: using presentation compiler with only scala-library: 2.12.14[0m
[0m2022.02.05 13:29:22 WARN  no build target for: /home/felix/code/scala/flaker/build.sbt[0m
[0m2022.02.05 13:29:22 INFO  time: code lens generation in 4.6s[0m
[0m2022.02.05 13:29:22 INFO  time: code lens generation in 4.81s[0m
[0m2022.02.05 13:29:22 INFO  time: code lens generation in 4.6s[0m
[0m2022.02.05 13:29:22 INFO  time: code lens generation in 1.07s[0m
[0m2022.02.05 13:29:24 INFO  time: indexed workspace in 3.83s[0m
[0m2022.02.05 13:29:24 WARN  unsupported Scala 2.12.15[0m
[0m2022.02.05 13:29:24 INFO  compiling flaker-build (1 scala source)[0m
[0m2022.02.05 13:29:25 INFO  no build target: using presentation compiler with only scala-library: 2.13.6[0m
[0m2022.02.05 13:29:25 INFO  Non-compiled module 'compiler-bridge_2.12' for Scala 2.12.15. Compiling...[0m
[0m2022.02.05 13:29:27 WARN  unsupported Scala 2.12.15[0m
[0m2022.02.05 13:29:27 INFO  time: code lens generation in 3.42s[0m
[0m2022.02.05 13:29:32 INFO    Compilation completed in 7.083s.[0m
[0m2022.02.05 13:29:32 INFO  time: compiled flaker-build in 9.07s[0m
Feb 05, 2022 1:30:06 PM org.eclipse.lsp4j.jsonrpc.RemoteEndpoint handleCancellation
WARNING: Unmatched cancel notification for request id 19
Feb 05, 2022 1:30:09 PM org.eclipse.lsp4j.jsonrpc.RemoteEndpoint handleCancellation
WARNING: Unmatched cancel notification for request id 20
Unexpected exception when forwarding server stdin ---> client stdout
Unexpected exception when forwarding server stdin ---> client stdout
java.io.IOException: com.sun.jna.LastErrorException: [104] Connection reset by peer
	at bloop.sockets.UnixDomainSocket$UnixDomainSocketInputStream.doRead(UnixDomainSocket.java:171)
	at bloop.sockets.UnixDomainSocket$UnixDomainSocketInputStream.read(UnixDomainSocket.java:156)
	at java.base/java.nio.channels.Channels$ReadableByteChannelImpl.read(Channels.java:388)
	at bloop.launcher.bsp.BspBridge.copyContents(BspBridge.scala:289)
	at bloop.launcher.bsp.BspBridge.forwardStreamContents(BspBridge.scala:275)
	at bloop.launcher.bsp.BspBridge.$anonfun$wireBspConnectionStreams$2(BspBridge.scala:228)
	at bloop.bloopgun.core.Shell$$anon$2.run(Shell.scala:156)
Caused by: com.sun.jna.LastErrorException: [104] Connection reset by peer
	at bloop.sockets.UnixDomainSocketLibrary.read(Native Method)
	at bloop.sockets.UnixDomainSocket$UnixDomainSocketInputStream.doRead(UnixDomainSocket.java:169)
	... 6 more
java.io.IOException: com.sun.jna.LastErrorException: [104] Connection reset by peer
	at bloop.sockets.UnixDomainSocket$UnixDomainSocketInputStream.doRead(UnixDomainSocket.java:171)
	at bloop.sockets.UnixDomainSocket$UnixDomainSocketInputStream.read(UnixDomainSocket.java:156)
	at java.base/java.nio.channels.Channels$ReadableByteChannelImpl.read(Channels.java:388)
	at bloop.launcher.bsp.BspBridge.copyContents(BspBridge.scala:289)
	at bloop.launcher.bsp.BspBridge.forwardStreamContents(BspBridge.scala:275)
	at bloop.launcher.bsp.BspBridge.$anonfun$wireBspConnectionStreams$2(BspBridge.scala:228)
	at bloop.bloopgun.core.Shell$$anon$2.run(Shell.scala:156)
Caused by: com.sun.jna.LastErrorException: [104] Connection reset by peer
	at bloop.sockets.UnixDomainSocketLibrary.read(Native Method)
	at bloop.sockets.UnixDomainSocket$UnixDomainSocketInputStream.doRead(UnixDomainSocket.java:169)
	... 6 more
[0m2022.02.05 13:30:27 INFO  Started: Metals version 0.10.6 in workspace '/home/felix/code/scala/flaker' for client emacs GNU Emacs 27.2 (build 1, x86_64-pc-linux-gnu, GTK+ Version 3.24.31, cairo version 1.16.0).[0m
[0m2022.02.05 13:30:28 INFO  time: initialize in 1.34s[0m
[0m2022.02.05 13:30:32 INFO  Attempting to connect to the build server...[0m
Starting the bsp launcher for bloop...
Opening a bsp server connection with 'bsp --protocol local --socket /tmp/bsp-launcher5952646035501545342/bsp.socket'...
Waiting for the bsp connection to come up...
[0m2022.02.05 13:30:32 WARN  no build target for: /home/felix/code/scala/flaker/src/main/scala/example/Hello.scala[0m
[0m2022.02.05 13:30:32 INFO  skipping build import with status 'Requested'[0m
Waiting for the bsp connection to come up...
No server running at 127.0.0.1:8212, let's fire one...
Resolving ch.epfl.scala:bloop-frontend_2.12:1.4.8-114-e47368ed...
Starting bloop server at 127.0.0.1:8212...
Attempting a connection to the server...
Attempting a connection to the server...
Attempting a connection to the server...
[0m[32m[D][0m Loading workspace settings from bloop.settings.json
[0m[32m[D][0m Loading 2 projects from '/home/felix/code/scala/flaker/.bloop'...
[0m[32m[D][0m Loading project from '/home/felix/code/scala/flaker/.bloop/root-test.json'
[0m[32m[D][0m Loading project from '/home/felix/code/scala/flaker/.bloop/root.json'
[0m[32m[D][0m Cache miss for scala instance org.scala-lang:scala-compiler:2.13.7.
[0m[32m[D][0m   => /home/felix/.cache/coursier/v1/https/repo1.maven.org/maven2/net/java/dev/jna/jna/5.8.0/jna-5.8.0.jar
[0m[32m[D][0m   => /home/felix/.cache/coursier/v1/https/repo1.maven.org/maven2/org/jline/jline/3.20.0/jline-3.20.0.jar
[0m[32m[D][0m   => /home/felix/.cache/coursier/v1/https/repo1.maven.org/maven2/org/scala-lang/scala-compiler/2.13.7/scala-compiler-2.13.7.jar
[0m[32m[D][0m   => /home/felix/.cache/coursier/v1/https/repo1.maven.org/maven2/org/scala-lang/scala-library/2.13.7/scala-library-2.13.7.jar
[0m[32m[D][0m   => /home/felix/.cache/coursier/v1/https/repo1.maven.org/maven2/org/scala-lang/scala-reflect/2.13.7/scala-reflect-2.13.7.jar
[0m[32m[D][0m Skipped configuration of SemanticDB in unsupported 2.13.7 projects
[0m[32m[D][0m Missing analysis file for project 'root'
[0m[32m[D][0m Missing analysis file for project 'root-test'
[0m[32m[D][0m Waiting for a connection at local:///tmp/bsp-launcher5952646035501545342/bsp.socket...
The server is listening for incoming connections at local:///tmp/bsp-launcher5952646035501545342/bsp.socket...
Starting thread that pumps stdin and redirects it to the bsp server...
Starting thread that pumps server stdout and redirects it to the client stdout...
[0m2022.02.05 13:30:34 INFO  tracing is disabled for protocol BSP, to enable tracing of incoming and outgoing JSON messages create an empty file at /home/felix/.cache/metals/bsp.trace.json[0m
[0m2022.02.05 13:30:34 INFO  Attempting to connect to the build server...[0m
Starting the bsp launcher for bloop...
Opening a bsp server connection with 'bsp --protocol local --socket /tmp/bsp-launcher11995692248698674896/bsp.socket'...
Waiting for the bsp connection to come up...
[0m[32m[D][0m Loading workspace settings from bloop.settings.json
[0m[32m[D][0m Waiting for a connection at local:///tmp/bsp-launcher11995692248698674896/bsp.socket...
The server is listening for incoming connections at local:///tmp/bsp-launcher11995692248698674896/bsp.socket...
Starting thread that pumps stdin and redirects it to the bsp server...
Starting thread that pumps server stdout and redirects it to the client stdout...
[0m2022.02.05 13:30:34 INFO  tracing is disabled for protocol BSP, to enable tracing of incoming and outgoing JSON messages create an empty file at /home/felix/.cache/metals/bsp.trace.json[0m
[0m2022.02.05 13:30:34 INFO  no build target: using presentation compiler with only scala-library: 2.12.14[0m
Feb 05, 2022 1:30:35 PM org.eclipse.lsp4j.jsonrpc.RemoteEndpoint handleCancellation
WARNING: Unmatched cancel notification for request id 8
[0m2022.02.05 13:30:34 INFO  time: Connected to build server in 2.64s[0m
[0m2022.02.05 13:30:34 INFO  Connected to Build server: Bloop v1.4.8-114-e47368ed[0m
Feb 05, 2022 1:30:35 PM org.eclipse.lsp4j.jsonrpc.RemoteEndpoint handleCancellation
WARNING: Unmatched cancel notification for request id 16
Unexpected exception when forwarding server stdin ---> client stdout
Unexpected exception when forwarding server stdin ---> client stdout
java.io.IOException: com.sun.jna.LastErrorException: [104] Connection reset by peer
	at bloop.sockets.UnixDomainSocket$UnixDomainSocketInputStream.doRead(UnixDomainSocket.java:171)
	at bloop.sockets.UnixDomainSocket$UnixDomainSocketInputStream.read(UnixDomainSocket.java:156)
	at java.base/java.nio.channels.Channels$ReadableByteChannelImpl.read(Channels.java:388)
	at bloop.launcher.bsp.BspBridge.copyContents(BspBridge.scala:289)
	at bloop.launcher.bsp.BspBridge.forwardStreamContents(BspBridge.scala:275)
	at bloop.launcher.bsp.BspBridge.$anonfun$wireBspConnectionStreams$2(BspBridge.scala:228)
	at bloop.bloopgun.core.Shell$$anon$2.run(Shell.scala:156)
Caused by: com.sun.jna.LastErrorException: [104] Connection reset by peer
	at bloop.sockets.UnixDomainSocketLibrary.read(Native Method)
	at bloop.sockets.UnixDomainSocket$UnixDomainSocketInputStream.doRead(UnixDomainSocket.java:169)
	... 6 more
java.io.IOException: com.sun.jna.LastErrorException: [104] Connection reset by peer
	at bloop.sockets.UnixDomainSocket$UnixDomainSocketInputStream.doRead(UnixDomainSocket.java:171)
	at bloop.sockets.UnixDomainSocket$UnixDomainSocketInputStream.read(UnixDomainSocket.java:156)
	at java.base/java.nio.channels.Channels$ReadableByteChannelImpl.read(Channels.java:388)
	at bloop.launcher.bsp.BspBridge.copyContents(BspBridge.scala:289)
	at bloop.launcher.bsp.BspBridge.forwardStreamContents(BspBridge.scala:275)
	at bloop.launcher.bsp.BspBridge.$anonfun$wireBspConnectionStreams$2(BspBridge.scala:228)
	at bloop.bloopgun.core.Shell$$anon$2.run(Shell.scala:156)
Caused by: com.sun.jna.LastErrorException: [104] Connection reset by peer
	at bloop.sockets.UnixDomainSocketLibrary.read(Native Method)
	at bloop.sockets.UnixDomainSocket$UnixDomainSocketInputStream.doRead(UnixDomainSocket.java:169)
	... 6 more
[0m2022.02.05 13:30:37 INFO  no build target: using presentation compiler with only scala-library: 2.12.14[0m
[0m2022.02.05 13:31:04 INFO  Started: Metals version 0.10.6 in workspace '/home/felix/code/scala/flaker' for client emacs GNU Emacs 27.2 (build 1, x86_64-pc-linux-gnu, GTK+ Version 3.24.31, cairo version 1.16.0).[0m
[0m2022.02.05 13:31:05 INFO  time: initialize in 1.37s[0m
[0m2022.02.05 13:31:09 INFO  Attempting to connect to the build server...[0m
Starting the bsp launcher for bloop...
Opening a bsp server connection with 'bsp --protocol local --socket /tmp/bsp-launcher6064081978200685732/bsp.socket'...
Waiting for the bsp connection to come up...
[0m2022.02.05 13:31:09 WARN  no build target for: /home/felix/code/scala/flaker/src/main/scala/example/Hello.scala[0m
[0m2022.02.05 13:31:09 INFO  skipping build import with status 'Requested'[0m
[0m[32m[D][0m Loading workspace settings from bloop.settings.json
[0m[32m[D][0m Loading 2 projects from '/home/felix/code/scala/flaker/.bloop'...
[0m[32m[D][0m Loading project from '/home/felix/code/scala/flaker/.bloop/root.json'
[0m[32m[D][0m Loading project from '/home/felix/code/scala/flaker/.bloop/root-test.json'
[0m[32m[D][0m Cache miss for scala instance org.scala-lang:scala-compiler:2.13.7.
[0m[32m[D][0m   => /home/felix/.cache/coursier/v1/https/repo1.maven.org/maven2/net/java/dev/jna/jna/5.8.0/jna-5.8.0.jar
[0m[32m[D][0m   => /home/felix/.cache/coursier/v1/https/repo1.maven.org/maven2/org/jline/jline/3.20.0/jline-3.20.0.jar
[0m[32m[D][0m   => /home/felix/.cache/coursier/v1/https/repo1.maven.org/maven2/org/scala-lang/scala-compiler/2.13.7/scala-compiler-2.13.7.jar
[0m[32m[D][0m   => /home/felix/.cache/coursier/v1/https/repo1.maven.org/maven2/org/scala-lang/scala-library/2.13.7/scala-library-2.13.7.jar
[0m[32m[D][0m   => /home/felix/.cache/coursier/v1/https/repo1.maven.org/maven2/org/scala-lang/scala-reflect/2.13.7/scala-reflect-2.13.7.jar
[0m[32m[D][0m Skipped configuration of SemanticDB in unsupported 2.13.7 projects
[0m[32m[D][0m Missing analysis file for project 'root'
[0m[32m[D][0m Missing analysis file for project 'root-test'
[0m[32m[D][0m Waiting for a connection at local:///tmp/bsp-launcher6064081978200685732/bsp.socket...
The server is listening for incoming connections at local:///tmp/bsp-launcher6064081978200685732/bsp.socket...
Starting thread that pumps stdin and redirects it to the bsp server...
Starting thread that pumps server stdout and redirects it to the client stdout...
[0m2022.02.05 13:31:09 INFO  tracing is disabled for protocol BSP, to enable tracing of incoming and outgoing JSON messages create an empty file at /home/felix/.cache/metals/bsp.trace.json[0m
[0m2022.02.05 13:31:09 INFO  Attempting to connect to the build server...[0m
Starting the bsp launcher for bloop...
Opening a bsp server connection with 'bsp --protocol local --socket /tmp/bsp-launcher10905234684700880831/bsp.socket'...
Waiting for the bsp connection to come up...
[0m[32m[D][0m Loading workspace settings from bloop.settings.json
[0m[32m[D][0m Waiting for a connection at local:///tmp/bsp-launcher10905234684700880831/bsp.socket...
The server is listening for incoming connections at local:///tmp/bsp-launcher10905234684700880831/bsp.socket...
Starting thread that pumps stdin and redirects it to the bsp server...
Starting thread that pumps server stdout and redirects it to the client stdout...
[0m2022.02.05 13:31:10 INFO  tracing is disabled for protocol BSP, to enable tracing of incoming and outgoing JSON messages create an empty file at /home/felix/.cache/metals/bsp.trace.json[0m
[0m2022.02.05 13:31:10 INFO  time: Connected to build server in 1.34s[0m
[0m2022.02.05 13:31:10 INFO  Connected to Build server: Bloop v1.4.8-114-e47368ed[0m
[0m2022.02.05 13:31:11 INFO  no build target: using presentation compiler with only scala-library: 2.12.14[0m
[0m2022.02.05 13:31:12 INFO  no build target: using presentation compiler with only scala-library: 2.12.14[0m
[0m2022.02.05 13:31:13 INFO  time: code lens generation in 4.23s[0m
[0m2022.02.05 13:31:13 INFO  time: code lens generation in 4.59s[0m
[0m2022.02.05 13:31:13 INFO  time: code lens generation in 4.23s[0m
[0m2022.02.05 13:31:14 WARN  unsupported Scala 2.13.7[0m
[0m2022.02.05 13:31:15 INFO  time: indexed workspace in 3.87s[0m
[0m2022.02.05 13:31:15 WARN  unsupported Scala 2.13.7[0m
[0m2022.02.05 13:31:15 INFO  compiling root (1 scala source)[0m
[0m2022.02.05 13:31:15 INFO  no build target: using presentation compiler with only scala-library: 2.13.6[0m
[0m2022.02.05 13:31:20 INFO  time: compiled root in 4.38s[0m
[0m2022.02.05 13:31:33 WARN  unsupported Scala 2.13.7[0m
Feb 05, 2022 1:31:34 PM org.eclipse.lsp4j.jsonrpc.RemoteEndpoint handleCancellation
WARNING: Unmatched cancel notification for request id 22
[0m2022.02.05 13:31:57 WARN  unsupported Scala 2.13.7[0m
[0m2022.02.05 13:31:57 WARN  unsupported Scala 2.13.7[0m
[0m2022.02.05 13:31:57 WARN  unsupported Scala 2.13.7[0m
[0m2022.02.05 13:31:57 WARN  unsupported Scala 2.13.7[0m
[0m2022.02.05 13:31:57 WARN  unsupported Scala 2.13.7[0m
[0m2022.02.05 13:31:57 WARN  unsupported Scala 2.13.7[0m
[0m2022.02.05 13:31:57 WARN  unsupported Scala 2.13.7[0m
[0m2022.02.05 13:31:57 WARN  unsupported Scala 2.13.7[0m
Feb 05, 2022 1:31:57 PM scala.meta.internal.pc.CompilerAccess retryWithCleanCompiler
INFO: compiler crashed due to an error in the Scala compiler, retrying with new compiler instance.
[0m2022.02.05 13:31:57 WARN  unsupported Scala 2.13.7[0m
[0m2022.02.05 13:32:01 WARN  unsupported Scala 2.13.7[0m
[0m2022.02.05 13:32:03 WARN  unsupported Scala 2.13.7[0m
[0m2022.02.05 13:32:03 WARN  unsupported Scala 2.13.7[0m
[0m2022.02.05 13:32:08 WARN  unsupported Scala 2.13.7[0m
[0m2022.02.05 13:32:09 WARN  unsupported Scala 2.13.7[0m
[0m2022.02.05 13:32:09 WARN  unsupported Scala 2.13.7[0m
[0m2022.02.05 13:32:09 WARN  unsupported Scala 2.13.7[0m
[0m2022.02.05 13:32:09 WARN  unsupported Scala 2.13.7[0m
Feb 05, 2022 1:32:09 PM scala.meta.internal.pc.CompilerAccess retryWithCleanCompiler
INFO: compiler crashed due to an error in the Scala compiler, retrying with new compiler instance.
[0m2022.02.05 13:32:09 WARN  unsupported Scala 2.13.7[0m
[0m2022.02.05 13:32:26 WARN  unsupported Scala 2.13.7[0m
[0m2022.02.05 13:32:26 WARN  unsupported Scala 2.13.7[0m
[0m2022.02.05 13:32:28 WARN  unsupported Scala 2.13.7[0m
Feb 05, 2022 1:32:28 PM org.eclipse.lsp4j.jsonrpc.RemoteEndpoint handleCancellation
WARNING: Unmatched cancel notification for request id 72
Feb 05, 2022 1:32:28 PM org.eclipse.lsp4j.jsonrpc.RemoteEndpoint handleCancellation
WARNING: Unmatched cancel notification for request id 71
Feb 05, 2022 1:32:28 PM org.eclipse.lsp4j.jsonrpc.RemoteEndpoint handleCancellation
WARNING: Unmatched cancel notification for request id 70
[0m2022.02.05 13:32:30 WARN  unsupported Scala 2.13.7[0m
[0m2022.02.05 13:32:31 WARN  unsupported Scala 2.13.7[0m
[0m2022.02.05 13:32:31 WARN  unsupported Scala 2.13.7[0m
[0m2022.02.05 13:32:33 WARN  unsupported Scala 2.13.7[0m
[0m2022.02.05 13:32:33 WARN  unsupported Scala 2.13.7[0m
[0m2022.02.05 13:32:33 WARN  unsupported Scala 2.13.7[0m
[0m2022.02.05 13:32:33 WARN  unsupported Scala 2.13.7[0m
[0m2022.02.05 13:32:33 WARN  unsupported Scala 2.13.7[0m
[0m2022.02.05 13:32:33 WARN  unsupported Scala 2.13.7[0m
[0m2022.02.05 13:32:35 WARN  unsupported Scala 2.13.7[0m
[0m2022.02.05 13:32:44 WARN  unsupported Scala 2.13.7[0m
[0m2022.02.05 13:32:45 INFO  compiling root (1 scala source)[0m
[0m2022.02.05 13:32:47 INFO  time: compiled root in 1.39s[0m
[0m2022.02.05 13:37:53 WARN  unsupported Scala 2.13.7[0m
[0m2022.02.05 13:37:55 INFO  Shut down connection with build server.[0m
[0m2022.02.05 13:37:55 INFO  Shut down connection with build server.[0m
No more data in the client stdin, exiting...
No more data in the client stdin, exiting...
No more data in the server stdin, exiting...
No more data in the server stdin, exiting...
No more data in the server stdin, exiting...
No more data in the server stdin, exiting...
[0m2022.02.05 14:34:16 INFO  Started: Metals version 0.10.6 in workspace '/home/felix/code/scala/flaker' for client emacs GNU Emacs 27.2 (build 1, x86_64-pc-linux-gnu, GTK+ Version 3.24.31, cairo version 1.16.0).[0m
[0m2022.02.05 14:34:17 INFO  time: initialize in 1.41s[0m
[0m2022.02.05 14:34:21 INFO  Attempting to connect to the build server...[0m
Starting the bsp launcher for bloop...
Opening a bsp server connection with 'bsp --protocol local --socket /tmp/bsp-launcher10939639799660955079/bsp.socket'...
Waiting for the bsp connection to come up...
[0m2022.02.05 14:34:21 WARN  no build target for: /home/felix/code/scala/flaker/src/main/scala/example/Hello.scala[0m
[0m2022.02.05 14:34:21 INFO  skipping build import with status 'Requested'[0m
Waiting for the bsp connection to come up...
Waiting for the bsp connection to come up...
No server running at 127.0.0.1:8212, let's fire one...
Resolving ch.epfl.scala:bloop-frontend_2.12:1.4.8-114-e47368ed...
Starting bloop server at 127.0.0.1:8212...
Attempting a connection to the server...
Attempting a connection to the server...
Attempting a connection to the server...
Attempting a connection to the server...
[0m[32m[D][0m Loading workspace settings from bloop.settings.json
[0m[32m[D][0m Loading 2 projects from '/home/felix/code/scala/flaker/.bloop'...
[0m[32m[D][0m Loading project from '/home/felix/code/scala/flaker/.bloop/root-test.json'
[0m[32m[D][0m Loading project from '/home/felix/code/scala/flaker/.bloop/root.json'
[0m[32m[D][0m Cache miss for scala instance org.scala-lang:scala-compiler:2.13.7.
[0m[32m[D][0m   => /home/felix/.cache/coursier/v1/https/repo1.maven.org/maven2/net/java/dev/jna/jna/5.8.0/jna-5.8.0.jar
[0m[32m[D][0m   => /home/felix/.cache/coursier/v1/https/repo1.maven.org/maven2/org/jline/jline/3.20.0/jline-3.20.0.jar
[0m[32m[D][0m   => /home/felix/.cache/coursier/v1/https/repo1.maven.org/maven2/org/scala-lang/scala-compiler/2.13.7/scala-compiler-2.13.7.jar
[0m[32m[D][0m   => /home/felix/.cache/coursier/v1/https/repo1.maven.org/maven2/org/scala-lang/scala-library/2.13.7/scala-library-2.13.7.jar
[0m[32m[D][0m   => /home/felix/.cache/coursier/v1/https/repo1.maven.org/maven2/org/scala-lang/scala-reflect/2.13.7/scala-reflect-2.13.7.jar
[0m[32m[D][0m Skipped configuration of SemanticDB in unsupported 2.13.7 projects
[0m[32m[D][0m Missing analysis file for project 'root-test'
[0m[32m[D][0m Missing analysis file for project 'root'
[0m[32m[D][0m Waiting for a connection at local:///tmp/bsp-launcher10939639799660955079/bsp.socket...
The server is listening for incoming connections at local:///tmp/bsp-launcher10939639799660955079/bsp.socket...
Starting thread that pumps stdin and redirects it to the bsp server...
Starting thread that pumps server stdout and redirects it to the client stdout...
[0m2022.02.05 14:34:23 INFO  tracing is disabled for protocol BSP, to enable tracing of incoming and outgoing JSON messages create an empty file at /home/felix/.cache/metals/bsp.trace.json[0m
[0m2022.02.05 14:34:23 INFO  Attempting to connect to the build server...[0m
Starting the bsp launcher for bloop...
Opening a bsp server connection with 'bsp --protocol local --socket /tmp/bsp-launcher7463650834301691466/bsp.socket'...
Waiting for the bsp connection to come up...
[0m[32m[D][0m Loading workspace settings from bloop.settings.json
[0m[32m[D][0m Waiting for a connection at local:///tmp/bsp-launcher7463650834301691466/bsp.socket...
The server is listening for incoming connections at local:///tmp/bsp-launcher7463650834301691466/bsp.socket...
Starting thread that pumps stdin and redirects it to the bsp server...
Starting thread that pumps server stdout and redirects it to the client stdout...
[0m2022.02.05 14:34:24 INFO  tracing is disabled for protocol BSP, to enable tracing of incoming and outgoing JSON messages create an empty file at /home/felix/.cache/metals/bsp.trace.json[0m
[0m2022.02.05 14:34:24 INFO  time: Connected to build server in 2.91s[0m
[0m2022.02.05 14:34:24 INFO  Connected to Build server: Bloop v1.4.8-114-e47368ed[0m
[0m2022.02.05 14:34:24 INFO  no build target: using presentation compiler with only scala-library: 2.12.14[0m
[0m2022.02.05 14:34:26 INFO  no build target: using presentation compiler with only scala-library: 2.12.14[0m
[0m2022.02.05 14:34:27 INFO  time: code lens generation in 5.33s[0m
[0m2022.02.05 14:34:27 INFO  time: code lens generation in 5.7s[0m
[0m2022.02.05 14:34:27 INFO  time: code lens generation in 5.33s[0m
[0m2022.02.05 14:34:29 INFO  time: indexed workspace in 3.98s[0m
[0m2022.02.05 14:34:29 WARN  unsupported Scala 2.13.7[0m
[0m2022.02.05 14:34:29 INFO  compiling root (1 scala source)[0m
[0m2022.02.05 14:34:30 INFO  no build target: using presentation compiler with only scala-library: 2.13.6[0m
[0m2022.02.05 14:34:33 INFO  time: compiled root in 4.27s[0m
Feb 05, 2022 2:35:17 PM org.eclipse.lsp4j.jsonrpc.RemoteEndpoint handleCancellation
WARNING: Unmatched cancel notification for request id 10
Feb 05, 2022 2:35:17 PM org.eclipse.lsp4j.jsonrpc.RemoteEndpoint handleCancellation
WARNING: Unmatched cancel notification for request id 11
No more data in the client stdin, exiting...
No more data in the client stdin, exiting...
[0m2022.02.05 14:35:32 INFO  Started: Metals version 0.10.6 in workspace '/home/felix/code/scala/flaker' for client emacs GNU Emacs 27.2 (build 1, x86_64-pc-linux-gnu, GTK+ Version 3.24.31, cairo version 1.16.0).[0m
[0m2022.02.05 14:35:33 INFO  time: initialize in 1.34s[0m
[0m2022.02.05 14:35:33 INFO  Attempting to connect to the build server...[0m
Starting the bsp launcher for bloop...
Opening a bsp server connection with 'bsp --protocol local --socket /tmp/bsp-launcher6919242535795227969/bsp.socket'...
Waiting for the bsp connection to come up...
[0m2022.02.05 14:35:33 WARN  no build target for: /home/felix/code/scala/flaker/build.sbt[0m
[0m2022.02.05 14:35:33 INFO  skipping build import with status 'Requested'[0m
Waiting for the bsp connection to come up...
Waiting for the bsp connection to come up...
No server running at 127.0.0.1:8212, let's fire one...
Resolving ch.epfl.scala:bloop-frontend_2.12:1.4.8-114-e47368ed...
Starting bloop server at 127.0.0.1:8212...
Attempting a connection to the server...
Attempting a connection to the server...
Attempting a connection to the server...
[0m[32m[D][0m Loading workspace settings from bloop.settings.json
[0m[32m[D][0m Loading 2 projects from '/home/felix/code/scala/flaker/.bloop'...
[0m[32m[D][0m Loading project from '/home/felix/code/scala/flaker/.bloop/root-test.json'
[0m[32m[D][0m Loading project from '/home/felix/code/scala/flaker/.bloop/root.json'
[0m[32m[D][0m Cache miss for scala instance org.scala-lang:scala-compiler:2.13.7.
[0m[32m[D][0m   => /home/felix/.cache/coursier/v1/https/repo1.maven.org/maven2/net/java/dev/jna/jna/5.8.0/jna-5.8.0.jar
[0m[32m[D][0m   => /home/felix/.cache/coursier/v1/https/repo1.maven.org/maven2/org/jline/jline/3.20.0/jline-3.20.0.jar
[0m[32m[D][0m   => /home/felix/.cache/coursier/v1/https/repo1.maven.org/maven2/org/scala-lang/scala-compiler/2.13.7/scala-compiler-2.13.7.jar
[0m[32m[D][0m   => /home/felix/.cache/coursier/v1/https/repo1.maven.org/maven2/org/scala-lang/scala-library/2.13.7/scala-library-2.13.7.jar
[0m[32m[D][0m   => /home/felix/.cache/coursier/v1/https/repo1.maven.org/maven2/org/scala-lang/scala-reflect/2.13.7/scala-reflect-2.13.7.jar
[0m[32m[D][0m Skipped configuration of SemanticDB in unsupported 2.13.7 projects
[0m[32m[D][0m Missing analysis file for project 'root-test'
[0m[32m[D][0m Missing analysis file for project 'root'
[0m[32m[D][0m Waiting for a connection at local:///tmp/bsp-launcher6919242535795227969/bsp.socket...
The server is listening for incoming connections at local:///tmp/bsp-launcher6919242535795227969/bsp.socket...
Starting thread that pumps stdin and redirects it to the bsp server...
Starting thread that pumps server stdout and redirects it to the client stdout...
[0m2022.02.05 14:35:36 INFO  tracing is disabled for protocol BSP, to enable tracing of incoming and outgoing JSON messages create an empty file at /home/felix/.cache/metals/bsp.trace.json[0m
[0m2022.02.05 14:35:36 INFO  Attempting to connect to the build server...[0m
Starting the bsp launcher for bloop...
Opening a bsp server connection with 'bsp --protocol local --socket /tmp/bsp-launcher3496989780075807249/bsp.socket'...
Waiting for the bsp connection to come up...
[0m[32m[D][0m Loading workspace settings from bloop.settings.json
[0m[32m[D][0m Waiting for a connection at local:///tmp/bsp-launcher3496989780075807249/bsp.socket...
The server is listening for incoming connections at local:///tmp/bsp-launcher3496989780075807249/bsp.socket...
Starting thread that pumps stdin and redirects it to the bsp server...
Starting thread that pumps server stdout and redirects it to the client stdout...
[0m2022.02.05 14:35:36 INFO  tracing is disabled for protocol BSP, to enable tracing of incoming and outgoing JSON messages create an empty file at /home/felix/.cache/metals/bsp.trace.json[0m
[0m2022.02.05 14:35:36 INFO  no build target: using presentation compiler with only scala-library: 2.12.14[0m
[0m2022.02.05 14:35:36 INFO  time: Connected to build server in 2.71s[0m
[0m2022.02.05 14:35:36 INFO  Connected to Build server: Bloop v1.4.8-114-e47368ed[0m
[0m2022.02.05 14:35:39 INFO  no build target: using presentation compiler with only scala-library: 2.12.14[0m
[0m2022.02.05 14:35:39 INFO  time: code lens generation in 5.14s[0m
[0m2022.02.05 14:35:39 INFO  time: code lens generation in 5.13s[0m
[0m2022.02.05 14:35:39 INFO  time: code lens generation in 5.36s[0m
[0m2022.02.05 14:35:39 INFO  time: indexed workspace in 2.71s[0m
[0m2022.02.05 14:35:39 WARN  unsupported Scala 2.12.15[0m
[0m2022.02.05 14:35:40 INFO  no build target: using presentation compiler with only scala-library: 2.13.6[0m
[0m2022.02.05 14:35:42 INFO  time: code lens generation in 2.6s[0m
[0m2022.02.05 14:35:42 INFO  time: code lens generation in 1.01s[0m
[0m2022.02.05 14:35:48 WARN  unsupported Scala 2.13.7[0m
[0m2022.02.05 14:35:48 INFO  compiling root (1 scala source)[0m
[0m2022.02.05 14:35:51 INFO  time: compiled root in 3.58s[0m
[0m2022.02.05 14:36:10 WARN  unsupported Scala 2.13.7[0m
[0m2022.02.05 14:36:14 WARN  unsupported Scala 2.13.7[0m
[0m2022.02.05 14:36:14 WARN  unsupported Scala 2.13.7[0m
[0m2022.02.05 14:36:14 WARN  unsupported Scala 2.13.7[0m
[0m2022.02.05 14:36:14 WARN  unsupported Scala 2.13.7[0m
[0m2022.02.05 14:36:14 WARN  unsupported Scala 2.13.7[0m
[0m2022.02.05 14:36:14 WARN  unsupported Scala 2.13.7[0m
[0m2022.02.05 14:36:14 WARN  unsupported Scala 2.13.7[0m
[0m2022.02.05 14:36:14 WARN  unsupported Scala 2.13.7[0m
[0m2022.02.05 14:36:15 INFO  compiling root (1 scala source)[0m
[0m2022.02.05 14:36:16 INFO  time: compiled root in 1.2s[0m
[0m2022.02.05 14:36:35 WARN  unsupported Scala 2.13.7[0m
[0m2022.02.05 14:36:35 WARN  unsupported Scala 2.13.7[0m
[0m2022.02.05 14:37:52 WARN  unsupported Scala 2.13.7[0m
[0m2022.02.05 14:40:02 WARN  unsupported Scala 2.13.7[0m
Feb 05, 2022 2:40:04 PM org.eclipse.lsp4j.jsonrpc.RemoteEndpoint handleCancellation
WARNING: Unmatched cancel notification for request id 69
Feb 05, 2022 2:40:06 PM org.eclipse.lsp4j.jsonrpc.RemoteEndpoint handleCancellation
WARNING: Unmatched cancel notification for request id 79
Feb 05, 2022 2:40:06 PM org.eclipse.lsp4j.jsonrpc.RemoteEndpoint handleCancellation
WARNING: Unmatched cancel notification for request id 78
[0m2022.02.05 14:40:21 WARN  unsupported Scala 2.13.7[0m
[0m2022.02.05 14:40:27 WARN  unsupported Scala 2.13.7[0m
[0m2022.02.05 14:40:33 WARN  unsupported Scala 2.13.7[0m
[0m2022.02.05 14:40:33 WARN  unsupported Scala 2.13.7[0m
[0m2022.02.05 14:40:33 WARN  unsupported Scala 2.13.7[0m
[0m2022.02.05 14:40:36 WARN  unsupported Scala 2.13.7[0m
[0m2022.02.05 14:40:36 WARN  unsupported Scala 2.13.7[0m
[0m2022.02.05 14:41:15 WARN  unsupported Scala 2.13.7[0m
[0m2022.02.05 14:41:17 WARN  unsupported Scala 2.13.7[0m
[0m2022.02.05 14:41:17 WARN  unsupported Scala 2.13.7[0m
[0m2022.02.05 14:41:21 WARN  unsupported Scala 2.13.7[0m
[0m2022.02.05 14:41:21 WARN  unsupported Scala 2.13.7[0m
[0m2022.02.05 14:41:21 WARN  unsupported Scala 2.13.7[0m
[0m2022.02.05 14:41:21 WARN  unsupported Scala 2.13.7[0m
[0m2022.02.05 14:41:21 WARN  unsupported Scala 2.13.7[0m
[0m2022.02.05 14:41:22 WARN  unsupported Scala 2.13.7[0m
[0m2022.02.05 14:41:23 WARN  unsupported Scala 2.13.7[0m
[0m2022.02.05 14:41:23 WARN  unsupported Scala 2.13.7[0m
[0m2022.02.05 14:41:23 WARN  unsupported Scala 2.13.7[0m
[0m2022.02.05 14:41:23 WARN  unsupported Scala 2.13.7[0m
[0m2022.02.05 14:41:23 WARN  unsupported Scala 2.13.7[0m
[0m2022.02.05 14:41:24 WARN  unsupported Scala 2.13.7[0m
[0m2022.02.05 14:41:26 WARN  unsupported Scala 2.13.7[0m
Feb 05, 2022 2:41:26 PM org.eclipse.lsp4j.jsonrpc.RemoteEndpoint handleCancellation
WARNING: Unmatched cancel notification for request id 176
[0m2022.02.05 14:41:26 WARN  unsupported Scala 2.13.7[0m
[0m2022.02.05 14:41:26 WARN  unsupported Scala 2.13.7[0m
[0m2022.02.05 14:41:27 WARN  unsupported Scala 2.13.7[0m
[0m2022.02.05 14:41:27 WARN  unsupported Scala 2.13.7[0m
[0m2022.02.05 14:41:27 WARN  unsupported Scala 2.13.7[0m
[0m2022.02.05 14:41:29 WARN  unsupported Scala 2.13.7[0m
[0m2022.02.05 14:41:29 WARN  unsupported Scala 2.13.7[0m
[0m2022.02.05 14:41:29 WARN  unsupported Scala 2.13.7[0m
[0m2022.02.05 14:41:29 WARN  unsupported Scala 2.13.7[0m
[0m2022.02.05 14:41:29 WARN  unsupported Scala 2.13.7[0m
[0m2022.02.05 14:41:29 WARN  unsupported Scala 2.13.7[0m
[0m2022.02.05 14:41:30 WARN  unsupported Scala 2.13.7[0m
[0m2022.02.05 14:41:30 WARN  unsupported Scala 2.13.7[0m
[0m2022.02.05 14:41:30 WARN  unsupported Scala 2.13.7[0m
[0m2022.02.05 14:41:30 WARN  unsupported Scala 2.13.7[0m
[0m2022.02.05 14:41:30 WARN  unsupported Scala 2.13.7[0m
[0m2022.02.05 14:41:30 WARN  unsupported Scala 2.13.7[0m
[0m2022.02.05 14:41:30 WARN  unsupported Scala 2.13.7[0m
[0m2022.02.05 14:41:31 WARN  unsupported Scala 2.13.7[0m
[0m2022.02.05 14:41:31 WARN  unsupported Scala 2.13.7[0m
[0m2022.02.05 14:41:31 WARN  unsupported Scala 2.13.7[0m
[0m2022.02.05 14:41:31 WARN  unsupported Scala 2.13.7[0m
[0m2022.02.05 14:41:33 WARN  unsupported Scala 2.13.7[0m
[0m2022.02.05 14:41:33 WARN  unsupported Scala 2.13.7[0m
[0m2022.02.05 14:41:33 WARN  unsupported Scala 2.13.7[0m
[0m2022.02.05 14:41:33 WARN  unsupported Scala 2.13.7[0m
[0m2022.02.05 14:41:33 WARN  unsupported Scala 2.13.7[0m
[0m2022.02.05 14:41:33 WARN  unsupported Scala 2.13.7[0m
[0m2022.02.05 14:41:33 WARN  unsupported Scala 2.13.7[0m
[0m2022.02.05 14:41:34 WARN  unsupported Scala 2.13.7[0m
[0m2022.02.05 14:41:34 WARN  unsupported Scala 2.13.7[0m
[0m2022.02.05 14:41:34 WARN  unsupported Scala 2.13.7[0m
[0m2022.02.05 14:41:34 WARN  unsupported Scala 2.13.7[0m
[0m2022.02.05 14:41:34 WARN  unsupported Scala 2.13.7[0m
[0m2022.02.05 14:41:35 WARN  unsupported Scala 2.13.7[0m
[0m2022.02.05 14:41:35 WARN  unsupported Scala 2.13.7[0m
[0m2022.02.05 14:41:35 WARN  unsupported Scala 2.13.7[0m
[0m2022.02.05 14:41:37 WARN  unsupported Scala 2.13.7[0m
[0m2022.02.05 14:41:37 WARN  unsupported Scala 2.13.7[0m
[0m2022.02.05 14:41:37 WARN  unsupported Scala 2.13.7[0m
[0m2022.02.05 14:41:37 WARN  unsupported Scala 2.13.7[0m
[0m2022.02.05 14:41:37 WARN  unsupported Scala 2.13.7[0m
[0m2022.02.05 14:41:37 WARN  unsupported Scala 2.13.7[0m
Feb 05, 2022 2:41:38 PM org.eclipse.lsp4j.jsonrpc.RemoteEndpoint handleCancellation
WARNING: Unmatched cancel notification for request id 234
[0m2022.02.05 14:41:37 WARN  unsupported Scala 2.13.7[0m
[0m2022.02.05 14:41:37 WARN  unsupported Scala 2.13.7[0m
[0m2022.02.05 14:41:37 WARN  unsupported Scala 2.13.7[0m
[0m2022.02.05 14:41:37 WARN  unsupported Scala 2.13.7[0m
[0m2022.02.05 14:41:37 WARN  unsupported Scala 2.13.7[0m
[0m2022.02.05 14:41:38 WARN  unsupported Scala 2.13.7[0m
[0m2022.02.05 14:41:38 WARN  unsupported Scala 2.13.7[0m
[0m2022.02.05 14:41:38 WARN  unsupported Scala 2.13.7[0m
[0m2022.02.05 14:41:38 WARN  unsupported Scala 2.13.7[0m
[0m2022.02.05 14:41:38 WARN  unsupported Scala 2.13.7[0m
Feb 05, 2022 2:41:39 PM org.eclipse.lsp4j.jsonrpc.RemoteEndpoint handleCancellation
WARNING: Unmatched cancel notification for request id 247
[0m2022.02.05 14:41:38 WARN  unsupported Scala 2.13.7[0m
[0m2022.02.05 14:41:38 WARN  unsupported Scala 2.13.7[0m
[0m2022.02.05 14:41:38 WARN  unsupported Scala 2.13.7[0m
[0m2022.02.05 14:41:38 WARN  unsupported Scala 2.13.7[0m
[0m2022.02.05 14:41:38 WARN  unsupported Scala 2.13.7[0m
[0m2022.02.05 14:41:39 WARN  unsupported Scala 2.13.7[0m
[0m2022.02.05 14:41:39 WARN  unsupported Scala 2.13.7[0m
[0m2022.02.05 14:41:39 WARN  unsupported Scala 2.13.7[0m
[0m2022.02.05 14:41:41 WARN  unsupported Scala 2.13.7[0m
[0m2022.02.05 14:41:41 WARN  unsupported Scala 2.13.7[0m
[0m2022.02.05 14:41:43 INFO  compiling root (1 scala source)[0m
[0m2022.02.05 14:41:43 INFO  time: compiled root in 0.98s[0m
[0m2022.02.05 14:42:07 WARN  unsupported Scala 2.13.7[0m
[0m2022.02.05 14:42:08 WARN  unsupported Scala 2.13.7[0m
[0m2022.02.05 14:42:12 WARN  unsupported Scala 2.13.7[0m
[0m2022.02.05 14:42:21 WARN  unsupported Scala 2.13.7[0m
[0m2022.02.05 14:42:22 INFO  compiling root (1 scala source)[0m
[0m2022.02.05 14:42:22 INFO  time: compiled root in 0.8s[0m
[0m2022.02.05 14:43:24 WARN  unsupported Scala 2.13.7[0m
[0m2022.02.05 14:43:26 WARN  unsupported Scala 2.13.7[0m
[0m2022.02.05 14:43:28 WARN  unsupported Scala 2.13.7[0m
[0m2022.02.05 14:43:30 WARN  unsupported Scala 2.13.7[0m
[0m2022.02.05 14:43:33 WARN  unsupported Scala 2.13.7[0m
[0m2022.02.05 14:43:41 WARN  unsupported Scala 2.13.7[0m
[0m2022.02.05 14:44:33 WARN  unsupported Scala 2.13.7[0m
[0m2022.02.05 14:44:35 WARN  unsupported Scala 2.13.7[0m
Feb 05, 2022 2:44:37 PM org.eclipse.lsp4j.jsonrpc.RemoteEndpoint handleCancellation
WARNING: Unmatched cancel notification for request id 358
[0m2022.02.05 14:44:37 WARN  unsupported Scala 2.13.7[0m
[0m2022.02.05 14:44:37 WARN  unsupported Scala 2.13.7[0m
[0m2022.02.05 14:44:41 WARN  unsupported Scala 2.13.7[0m
[0m2022.02.05 14:46:16 WARN  unsupported Scala 2.13.7[0m
[0m2022.02.05 14:46:38 WARN  unsupported Scala 2.13.7[0m
[0m2022.02.05 14:46:40 WARN  unsupported Scala 2.13.7[0m
[0m2022.02.05 14:46:40 WARN  unsupported Scala 2.13.7[0m
[0m2022.02.05 14:47:02 INFO  compiling root (1 scala source)[0m
[0m2022.02.05 14:47:02 INFO  time: compiled root in 0.65s[0m
[0m2022.02.05 14:47:04 WARN  unsupported Scala 2.13.7[0m
[0m2022.02.05 14:47:04 WARN  unsupported Scala 2.13.7[0m
[0m2022.02.05 14:47:07 WARN  unsupported Scala 2.13.7[0m
[0m2022.02.05 14:47:09 WARN  unsupported Scala 2.13.7[0m
[0m2022.02.05 14:47:15 WARN  unsupported Scala 2.13.7[0m
[0m2022.02.05 14:47:15 INFO  compiling root (1 scala source)[0m
[0m2022.02.05 14:47:15 INFO  time: compiled root in 0.7s[0m
[0m2022.02.05 14:47:48 WARN  unsupported Scala 2.13.7[0m
[0m2022.02.05 14:48:06 WARN  unsupported Scala 2.13.7[0m
[0m2022.02.05 14:48:06 WARN  unsupported Scala 2.13.7[0m
[0m2022.02.05 14:48:18 WARN  unsupported Scala 2.13.7[0m
[0m2022.02.05 14:48:18 WARN  unsupported Scala 2.13.7[0m
[0m2022.02.05 14:48:18 WARN  unsupported Scala 2.13.7[0m
[0m2022.02.05 14:48:19 WARN  unsupported Scala 2.13.7[0m
[0m2022.02.05 14:48:19 WARN  unsupported Scala 2.13.7[0m
[0m2022.02.05 14:48:19 WARN  unsupported Scala 2.13.7[0m
[0m2022.02.05 14:48:19 WARN  unsupported Scala 2.13.7[0m
[0m2022.02.05 14:48:19 WARN  unsupported Scala 2.13.7[0m
[0m2022.02.05 14:48:19 WARN  unsupported Scala 2.13.7[0m
[0m2022.02.05 14:49:06 WARN  unsupported Scala 2.13.7[0m
[0m2022.02.05 14:49:06 WARN  unsupported Scala 2.13.7[0m
[0m2022.02.05 14:49:08 WARN  unsupported Scala 2.13.7[0m
[0m2022.02.05 14:49:08 WARN  unsupported Scala 2.13.7[0m
[0m2022.02.05 14:49:08 WARN  unsupported Scala 2.13.7[0m
[0m2022.02.05 14:49:10 WARN  unsupported Scala 2.13.7[0m
[0m2022.02.05 14:49:10 WARN  unsupported Scala 2.13.7[0m
[0m2022.02.05 14:49:10 WARN  unsupported Scala 2.13.7[0m
[0m2022.02.05 14:49:10 WARN  unsupported Scala 2.13.7[0m
[0m2022.02.05 14:49:14 WARN  unsupported Scala 2.13.7[0m
[0m2022.02.05 14:49:14 WARN  unsupported Scala 2.13.7[0m
[0m2022.02.05 14:49:14 WARN  unsupported Scala 2.13.7[0m
[0m2022.02.05 14:49:17 WARN  unsupported Scala 2.13.7[0m
[0m2022.02.05 14:49:17 WARN  unsupported Scala 2.13.7[0m
[0m2022.02.05 14:49:17 WARN  unsupported Scala 2.13.7[0m
[0m2022.02.05 14:49:18 WARN  unsupported Scala 2.13.7[0m
[0m2022.02.05 14:49:18 WARN  unsupported Scala 2.13.7[0m
[0m2022.02.05 14:49:29 INFO  compiling root (1 scala source)[0m
[0m2022.02.05 14:49:29 INFO  time: compiled root in 0.5s[0m
[0m2022.02.05 14:49:30 WARN  unsupported Scala 2.13.7[0m
[0m2022.02.05 14:49:30 WARN  unsupported Scala 2.13.7[0m
[0m2022.02.05 14:49:35 WARN  unsupported Scala 2.13.7[0m
[0m2022.02.05 14:49:38 WARN  unsupported Scala 2.13.7[0m
[0m2022.02.05 14:51:07 WARN  unsupported Scala 2.13.7[0m
[0m2022.02.05 14:51:09 WARN  unsupported Scala 2.13.7[0m
[0m2022.02.05 14:51:09 WARN  unsupported Scala 2.13.7[0m
[0m2022.02.05 14:51:17 WARN  unsupported Scala 2.13.7[0m
[0m2022.02.05 14:51:19 WARN  unsupported Scala 2.13.7[0m
[0m2022.02.05 14:51:19 WARN  unsupported Scala 2.13.7[0m
[0m2022.02.05 14:51:25 WARN  unsupported Scala 2.13.7[0m
[0m2022.02.05 14:51:25 WARN  unsupported Scala 2.13.7[0m
[0m2022.02.05 14:51:25 WARN  unsupported Scala 2.13.7[0m
[0m2022.02.05 14:51:25 WARN  unsupported Scala 2.13.7[0m
[0m2022.02.05 14:51:25 WARN  unsupported Scala 2.13.7[0m
[0m2022.02.05 14:51:27 WARN  unsupported Scala 2.13.7[0m
[0m2022.02.05 14:51:27 WARN  unsupported Scala 2.13.7[0m
[0m2022.02.05 14:51:28 WARN  unsupported Scala 2.13.7[0m
[0m2022.02.05 14:51:32 INFO  compiling root (1 scala source)[0m
[0m2022.02.05 14:51:32 INFO  time: compiled root in 0.51s[0m
Feb 05, 2022 2:51:33 PM org.eclipse.lsp4j.jsonrpc.RemoteEndpoint handleCancellation
WARNING: Unmatched cancel notification for request id 559
[0m2022.02.05 14:51:44 WARN  unsupported Scala 2.13.7[0m
[0m2022.02.05 14:51:55 WARN  unsupported Scala 2.13.7[0m
[0m2022.02.05 14:51:57 WARN  unsupported Scala 2.13.7[0m
[0m2022.02.05 14:51:58 WARN  unsupported Scala 2.13.7[0m
[0m2022.02.05 14:52:01 WARN  unsupported Scala 2.13.7[0m
[0m2022.02.05 14:52:04 WARN  unsupported Scala 2.13.7[0m
[0m2022.02.05 14:52:05 WARN  unsupported Scala 2.13.7[0m
[0m2022.02.05 14:52:07 WARN  unsupported Scala 2.13.7[0m
[0m2022.02.05 14:52:07 WARN  unsupported Scala 2.13.7[0m
Feb 05, 2022 2:52:07 PM org.eclipse.lsp4j.jsonrpc.RemoteEndpoint handleCancellation
WARNING: Unmatched cancel notification for request id 596
[0m2022.02.05 14:52:07 WARN  unsupported Scala 2.13.7[0m
[0m2022.02.05 14:52:07 WARN  unsupported Scala 2.13.7[0m
[0m2022.02.05 14:52:12 WARN  unsupported Scala 2.13.7[0m
[0m2022.02.05 14:52:12 WARN  unsupported Scala 2.13.7[0m
Feb 05, 2022 2:52:13 PM org.eclipse.lsp4j.jsonrpc.RemoteEndpoint handleCancellation
WARNING: Unmatched cancel notification for request id 609
[0m2022.02.05 14:52:12 WARN  unsupported Scala 2.13.7[0m
[0m2022.02.05 14:52:14 WARN  unsupported Scala 2.13.7[0m
[0m2022.02.05 14:52:16 WARN  unsupported Scala 2.13.7[0m
Feb 05, 2022 2:52:16 PM org.eclipse.lsp4j.jsonrpc.RemoteEndpoint handleCancellation
WARNING: Unmatched cancel notification for request id 620
Feb 05, 2022 2:52:16 PM org.eclipse.lsp4j.jsonrpc.RemoteEndpoint handleCancellation
WARNING: Unmatched cancel notification for request id 619
[0m2022.02.05 14:52:16 WARN  unsupported Scala 2.13.7[0m
[0m2022.02.05 14:52:16 WARN  unsupported Scala 2.13.7[0m
[0m2022.02.05 14:52:19 WARN  unsupported Scala 2.13.7[0m
[0m2022.02.05 14:52:20 WARN  unsupported Scala 2.13.7[0m
[0m2022.02.05 14:52:20 WARN  unsupported Scala 2.13.7[0m
[0m2022.02.05 14:52:22 WARN  unsupported Scala 2.13.7[0m
[0m2022.02.05 14:52:23 WARN  unsupported Scala 2.13.7[0m
[0m2022.02.05 14:52:23 WARN  unsupported Scala 2.13.7[0m
[0m2022.02.05 14:52:28 WARN  unsupported Scala 2.13.7[0m
[0m2022.02.05 14:52:31 WARN  unsupported Scala 2.13.7[0m
[0m2022.02.05 14:52:31 WARN  unsupported Scala 2.13.7[0m
[0m2022.02.05 14:52:34 WARN  unsupported Scala 2.13.7[0m
[0m2022.02.05 14:52:34 WARN  unsupported Scala 2.13.7[0m
[0m2022.02.05 14:52:38 WARN  unsupported Scala 2.13.7[0m
[0m2022.02.05 14:52:38 WARN  unsupported Scala 2.13.7[0m
[0m2022.02.05 14:53:00 WARN  unsupported Scala 2.13.7[0m
[0m2022.02.05 14:53:05 WARN  unsupported Scala 2.13.7[0m
[0m2022.02.05 14:53:05 WARN  unsupported Scala 2.13.7[0m
[0m2022.02.05 14:53:05 WARN  unsupported Scala 2.13.7[0m
[0m2022.02.05 14:53:09 WARN  unsupported Scala 2.13.7[0m
[0m2022.02.05 14:53:28 WARN  unsupported Scala 2.13.7[0m
[0m2022.02.05 14:53:30 WARN  unsupported Scala 2.13.7[0m
[0m2022.02.05 14:54:21 WARN  unsupported Scala 2.13.7[0m
[0m2022.02.05 14:54:23 WARN  unsupported Scala 2.13.7[0m
[0m2022.02.05 14:54:27 WARN  unsupported Scala 2.13.7[0m
[0m2022.02.05 14:54:29 WARN  unsupported Scala 2.13.7[0m
[0m2022.02.05 14:54:32 WARN  unsupported Scala 2.13.7[0m
[0m2022.02.05 14:54:32 INFO  compiling root (1 scala source)[0m
[0m2022.02.05 14:54:32 INFO  time: compiled root in 0.5s[0m
[0m2022.02.05 14:54:34 WARN  unsupported Scala 2.13.7[0m
[0m2022.02.05 14:54:34 WARN  unsupported Scala 2.13.7[0m
[0m2022.02.05 14:54:36 WARN  unsupported Scala 2.13.7[0m
[0m2022.02.05 14:54:37 INFO  compiling root (1 scala source)[0m
[0m2022.02.05 14:54:37 INFO  time: compiled root in 0.56s[0m
[0m2022.02.05 14:54:40 WARN  unsupported Scala 2.13.7[0m
[0m2022.02.05 14:57:58 WARN  unsupported Scala 2.13.7[0m
[0m2022.02.05 14:58:07 WARN  unsupported Scala 2.13.7[0m
[0m2022.02.05 14:58:12 WARN  unsupported Scala 2.13.7[0m
[0m2022.02.05 14:58:12 WARN  unsupported Scala 2.13.7[0m
[0m2022.02.05 14:58:32 WARN  unsupported Scala 2.13.7[0m
Feb 05, 2022 2:58:32 PM org.eclipse.lsp4j.jsonrpc.RemoteEndpoint handleCancellation
WARNING: Unmatched cancel notification for request id 807
[0m2022.02.05 14:58:32 WARN  unsupported Scala 2.13.7[0m
[0m2022.02.05 14:58:32 WARN  unsupported Scala 2.13.7[0m
[0m2022.02.05 14:58:32 WARN  unsupported Scala 2.13.7[0m
[0m2022.02.05 14:58:32 WARN  unsupported Scala 2.13.7[0m
[0m2022.02.05 14:58:33 WARN  unsupported Scala 2.13.7[0m
[0m2022.02.05 14:58:33 WARN  unsupported Scala 2.13.7[0m
[0m2022.02.05 14:58:34 WARN  unsupported Scala 2.13.7[0m
[0m2022.02.05 14:58:36 WARN  unsupported Scala 2.13.7[0m
[0m2022.02.05 14:58:36 WARN  unsupported Scala 2.13.7[0m
[0m2022.02.05 14:58:39 WARN  unsupported Scala 2.13.7[0m
[0m2022.02.05 14:58:40 WARN  unsupported Scala 2.13.7[0m
[0m2022.02.05 14:58:42 WARN  unsupported Scala 2.13.7[0m
[0m2022.02.05 14:58:44 WARN  unsupported Scala 2.13.7[0m
[0m2022.02.05 14:58:44 WARN  unsupported Scala 2.13.7[0m
[0m2022.02.05 14:58:54 WARN  unsupported Scala 2.13.7[0m
[0m2022.02.05 14:58:54 WARN  unsupported Scala 2.13.7[0m
[0m2022.02.05 14:58:55 WARN  unsupported Scala 2.13.7[0m
[0m2022.02.05 14:58:55 WARN  unsupported Scala 2.13.7[0m
[0m2022.02.05 14:58:55 WARN  unsupported Scala 2.13.7[0m
[0m2022.02.05 14:58:57 WARN  unsupported Scala 2.13.7[0m
[0m2022.02.05 14:58:58 WARN  unsupported Scala 2.13.7[0m
[0m2022.02.05 14:59:01 WARN  unsupported Scala 2.13.7[0m
[0m2022.02.05 14:59:01 WARN  unsupported Scala 2.13.7[0m
[0m2022.02.05 14:59:01 WARN  unsupported Scala 2.13.7[0m
[0m2022.02.05 14:59:02 WARN  unsupported Scala 2.13.7[0m
Feb 05, 2022 2:59:02 PM org.eclipse.lsp4j.jsonrpc.RemoteEndpoint handleCancellation
WARNING: Unmatched cancel notification for request id 875
[0m2022.02.05 14:59:02 WARN  unsupported Scala 2.13.7[0m
[0m2022.02.05 14:59:02 WARN  unsupported Scala 2.13.7[0m
[0m2022.02.05 14:59:05 WARN  unsupported Scala 2.13.7[0m
[0m2022.02.05 14:59:05 WARN  unsupported Scala 2.13.7[0m
[0m2022.02.05 14:59:06 INFO  compiling root (1 scala source)[0m
[0m2022.02.05 14:59:06 INFO  time: compiled root in 0.52s[0m
[0m2022.02.05 14:59:16 WARN  unsupported Scala 2.13.7[0m
[0m2022.02.05 14:59:20 WARN  unsupported Scala 2.13.7[0m
[0m2022.02.05 14:59:24 INFO  compiling root (1 scala source)[0m
[0m2022.02.05 14:59:24 INFO  time: compiled root in 0.46s[0m
[0m2022.02.05 14:59:27 WARN  unsupported Scala 2.13.7[0m
[0m2022.02.05 14:59:28 INFO  compiling root (1 scala source)[0m
[0m2022.02.05 14:59:28 INFO  time: compiled root in 0.47s[0m
Feb 05, 2022 2:59:29 PM org.eclipse.lsp4j.jsonrpc.RemoteEndpoint handleCancellation
WARNING: Unmatched cancel notification for request id 929
[0m2022.02.05 14:59:36 WARN  unsupported Scala 2.13.7[0m
[0m2022.02.05 14:59:57 WARN  unsupported Scala 2.13.7[0m
[0m2022.02.05 14:59:58 WARN  unsupported Scala 2.13.7[0m
[0m2022.02.05 15:00:01 INFO  compiling root (1 scala source)[0m
[0m2022.02.05 15:00:01 INFO  time: compiled root in 0.4s[0m
Feb 05, 2022 3:00:03 PM org.eclipse.lsp4j.jsonrpc.RemoteEndpoint handleCancellation
WARNING: Unmatched cancel notification for request id 952
Feb 05, 2022 3:00:03 PM org.eclipse.lsp4j.jsonrpc.RemoteEndpoint handleCancellation
WARNING: Unmatched cancel notification for request id 951
[0m2022.02.05 15:00:05 INFO  compiling root (1 scala source)[0m
[0m2022.02.05 15:00:05 INFO  time: compiled root in 0.41s[0m
[0m2022.02.05 15:00:08 WARN  unsupported Scala 2.13.7[0m
